GROUP,PACKAGE,CLASS,INSTRUCTION_MISSED,INSTRUCTION_COVERED,BRANCH_MISSED,BRANCH_COVERED,LINE_MISSED,LINE_COVERED,COMPLEXITY_MISSED,COMPLEXITY_COVERED,METHOD_MISSED,METHOD_COVERED
OATH OTP,com.lochbridge.oath.otp,TOTPValidator,0,71,0,6,0,16,0,8,0,5
OATH OTP,com.lochbridge.oath.otp,HOTP,0,55,0,6,0,18,0,10,0,7
OATH OTP,com.lochbridge.oath.otp,TOTP,0,67,0,6,0,22,0,12,0,9
OATH OTP,com.lochbridge.oath.otp,HOTPBuilder,6,172,0,4,2,28,0,7,0,5
OATH OTP,com.lochbridge.oath.otp,HmacShaAlgorithm,0,97,0,4,0,13,0,9,0,7
OATH OTP,com.lochbridge.oath.otp,TOTPBuilder,6,222,0,4,2,37,0,14,0,12
