<?xml version="1.0" encoding="UTF-8" ?>
<testsuite failures="0" time="0.296" errors="0" skipped="0" tests="5" name="com.lochbridge.oath.otp.TestHOTPBuilder">
  <properties>
[...]
</properties>
  <testcase time="0.078" classname="com.lochbridge.oath.otp.TestHOTPBuilder" name="digitsShouldFailWhenArgumentIsNotInValidRange"/>
  <testcase time="0.188" classname="com.lochbridge.oath.otp.TestHOTPBuilder" name="generatedHOTPShouldBeConsistentWithConfiguredParameters"/>
  <testcase time="0.029" classname="com.lochbridge.oath.otp.TestHOTPBuilder" name="buildShouldSucceedUnderRFC4226TestCases"/>
  <testcase time="0" classname="com.lochbridge.oath.otp.TestHOTPBuilder" name="movingFactorShouldFailWhenArgumentIsLessThanZero"/>
  <testcase time="0.001" classname="com.lochbridge.oath.otp.TestHOTPBuilder" name="constructorShouldFailWhenArgumentIsNull"/>
</testsuite>